<?xml version="1.0" encoding="UTF-8"?>
<!-- Generated by org.testng.reporters.JUnitReportReporter -->
<testsuite skipped="0" hostname="LAINPU1502-0009" name="OrangeHRM_Demo.LoginPage" tests="1" failures="0" timestamp="2020-12-30T15:44:05 IST" time="21.850" errors="0">
  <testcase name="loginWithValidCredentials" time="21.850" classname="OrangeHRM_Demo.LoginPage"/>
</testsuite> <!-- OrangeHRM_Demo.LoginPage -->
